Nov 14, 2018 1:38:02 AM main.Wyrażenie <init>
INFO: String na wejściu został przekonwertowanu do kolejki symboli
Nov 14, 2018 1:38:59 AM main.Wyrażenie <init>
INFO: String na wejściu został przekonwertowanu do kolejki symboli
Nov 14, 2018 1:38:59 AM main.Wyrażenie oblicz
INFO: Rozpoczęto obliczanie wartości
Nov 14, 2018 1:40:43 AM main.Wyrażenie <init>
INFO: String na wejściu został przekonwertowanu do kolejki symboli
Nov 14, 2018 1:40:43 AM main.Wyrażenie oblicz
INFO: Rozpoczęto obliczanie wartości
Nov 14, 2018 1:41:19 AM main.Wyrażenie <init>
INFO: String na wejściu został przekonwertowanu do kolejki symboli
Nov 14, 2018 1:41:19 AM main.Wyrażenie oblicz
INFO: Rozpoczęto obliczanie wartości
Nov 14, 2018 9:07:50 AM main.Wyrażenie <init>
INFO: String na wejściu został przekonwertowanu do kolejki symboli
Nov 14, 2018 9:07:50 AM main.Wyrażenie oblicz
INFO: Rozpoczęto obliczanie wartości
Nov 14, 2018 9:09:40 AM main.Wyrażenie <init>
INFO: String na wejściu został przekonwertowanu do kolejki symboli
Nov 14, 2018 9:09:41 AM main.Wyrażenie oblicz
INFO: Rozpoczęto obliczanie wartości
Nov 14, 2018 9:11:23 AM main.Wyrażenie <init>
INFO: String na wejściu został przekonwertowanu do kolejki symboli
Nov 14, 2018 9:11:23 AM main.Wyrażenie oblicz
INFO: Rozpoczęto obliczanie wartości
Nov 14, 2018 9:13:07 AM main.Wyrażenie <init>
INFO: String na wejściu został przekonwertowanu do kolejki symboli
Nov 14, 2018 9:13:07 AM main.Wyrażenie oblicz
INFO: Rozpoczęto obliczanie wartości
Nov 14, 2018 9:13:52 AM main.Wyrażenie <init>
INFO: String na wejściu został przekonwertowanu do kolejki symboli
Nov 14, 2018 9:13:52 AM main.Wyrażenie oblicz
INFO: Rozpoczęto obliczanie wartości
Nov 14, 2018 9:14:54 AM main.Wyrażenie <init>
INFO: String na wejściu został przekonwertowanu do kolejki symboli
Nov 14, 2018 9:14:54 AM main.Wyrażenie oblicz
INFO: Rozpoczęto obliczanie wartości
Nov 14, 2018 9:16:01 AM main.Wyrażenie <init>
INFO: String na wejściu został przekonwertowanu do kolejki symboli
Nov 14, 2018 9:16:02 AM main.Wyrażenie oblicz
INFO: Rozpoczęto obliczanie wartości
Nov 14, 2018 9:17:34 AM main.Wyrażenie <init>
INFO: String na wejściu został przekonwertowanu do kolejki symboli
Nov 14, 2018 9:17:34 AM main.Wyrażenie oblicz
INFO: Rozpoczęto obliczanie wartości
Nov 14, 2018 9:18:14 AM main.Wyrażenie <init>
INFO: String na wejściu został przekonwertowanu do kolejki symboli
Nov 14, 2018 9:18:15 AM main.Wyrażenie oblicz
INFO: Rozpoczęto obliczanie wartości
Nov 14, 2018 9:18:15 AM main.Wyrażenie oblicz
WARNING: Błąd w obliczeniach wyjątki.NieznanySymbol: 
Nov 14, 2018 9:18:32 AM main.Wyrażenie <init>
INFO: String na wejściu został przekonwertowanu do kolejki symboli
Nov 14, 2018 9:18:32 AM main.Wyrażenie oblicz
INFO: Rozpoczęto obliczanie wartości
Nov 14, 2018 9:18:32 AM main.Wyrażenie oblicz
WARNING: Błąd w obliczeniach wyjątki.ZaMałoArgumentów: 
Nov 14, 2018 9:23:22 AM main.Wyrażenie <init>
INFO: String na wejściu został przekonwertowanu do kolejki symboli
Nov 14, 2018 9:23:22 AM main.Wyrażenie oblicz
INFO: Rozpoczęto obliczanie wartości
Nov 14, 2018 9:23:22 AM main.Wyrażenie oblicz
WARNING: Błąd w obliczeniach wyjątki.ZaMałoArgumentów: 
Nov 14, 2018 9:24:29 AM main.Wyrażenie <init>
INFO: String na wejściu został przekonwertowanu do kolejki symboli
Nov 14, 2018 9:24:29 AM main.Wyrażenie oblicz
INFO: Rozpoczęto obliczanie wartości
Nov 14, 2018 9:24:29 AM main.Wyrażenie oblicz
WARNING: Błąd w obliczeniach wyjątki.ZaMałoArgumentów: 
Nov 14, 2018 9:25:46 AM main.Wyrażenie <init>
INFO: String na wejściu został przekonwertowanu do kolejki symboli
Nov 14, 2018 9:25:46 AM main.Wyrażenie oblicz
INFO: Rozpoczęto obliczanie wartości
Nov 14, 2018 9:25:46 AM main.Wyrażenie oblicz
WARNING: Błąd w obliczeniach wyjątki.ZaMałoArgumentów: 
Nov 14, 2018 9:27:32 AM main.Wyrażenie <init>
INFO: String na wejściu został przekonwertowanu do kolejki symboli
Nov 14, 2018 9:27:32 AM main.Wyrażenie oblicz
INFO: Rozpoczęto obliczanie wartości
Nov 14, 2018 9:31:52 AM main.Wyrażenie <init>
INFO: String na wejściu został przekonwertowanu do kolejki symboli
Nov 14, 2018 9:31:52 AM main.Wyrażenie oblicz
INFO: Rozpoczęto obliczanie wartości
Nov 14, 2018 9:32:49 AM main.Wyrażenie <init>
INFO: String na wejściu został przekonwertowanu do kolejki symboli
Nov 14, 2018 9:32:49 AM main.Wyrażenie oblicz
INFO: Rozpoczęto obliczanie wartości
Nov 14, 2018 9:33:20 AM main.Wyrażenie <init>
INFO: String na wejściu został przekonwertowanu do kolejki symboli
Nov 14, 2018 9:33:20 AM main.Wyrażenie oblicz
INFO: Rozpoczęto obliczanie wartości
Nov 14, 2018 9:34:33 AM main.Wyrażenie <init>
INFO: String na wejściu został przekonwertowanu do kolejki symboli
Nov 14, 2018 9:34:33 AM main.Wyrażenie oblicz
INFO: Rozpoczęto obliczanie wartości
Nov 14, 2018 9:37:31 AM main.Wyrażenie <init>
INFO: String na wejściu został przekonwertowanu do kolejki symboli
Nov 14, 2018 9:37:31 AM main.Wyrażenie oblicz
INFO: Rozpoczęto obliczanie wartości
Nov 14, 2018 9:37:55 AM main.Wyrażenie <init>
INFO: String na wejściu został przekonwertowanu do kolejki symboli
Nov 14, 2018 9:37:55 AM main.Wyrażenie oblicz
INFO: Rozpoczęto obliczanie wartości
Nov 14, 2018 9:41:53 AM main.Wyrażenie <init>
INFO: String na wejściu został przekonwertowanu do kolejki symboli
Nov 14, 2018 9:41:54 AM main.Wyrażenie oblicz
INFO: Rozpoczęto obliczanie wartości
Nov 14, 2018 9:51:17 AM main.Wyrażenie <init>
INFO: String na wejściu został przekonwertowanu do kolejki symboli
Nov 14, 2018 9:51:17 AM main.Wyrażenie oblicz
INFO: Rozpoczęto obliczanie wartości
Nov 14, 2018 9:56:52 AM main.Wyrażenie <init>
INFO: String na wejściu został przekonwertowanu do kolejki symboli
Nov 14, 2018 9:56:52 AM main.Wyrażenie oblicz
INFO: Rozpoczęto obliczanie wartości
Nov 14, 2018 9:58:37 AM main.Wyrażenie <init>
INFO: String na wejściu został przekonwertowanu do kolejki symboli
Nov 14, 2018 9:58:37 AM main.Wyrażenie oblicz
INFO: Rozpoczęto obliczanie wartości
Nov 14, 2018 10:00:31 AM main.Wyrażenie <init>
INFO: String na wejściu został przekonwertowanu do kolejki symboli
Nov 14, 2018 10:00:31 AM main.Wyrażenie oblicz
INFO: Rozpoczęto obliczanie wartości
Nov 14, 2018 10:00:31 AM main.Wyrażenie oblicz
INFO: Wynik: 4.0
Nov 14, 2018 10:02:54 AM main.Wyrażenie <init>
INFO: String na wejściu został przekonwertowanu do kolejki symboli
Nov 14, 2018 10:02:54 AM main.Wyrażenie oblicz
INFO: Rozpoczęto obliczanie wartości
Nov 14, 2018 10:02:55 AM main.Wyrażenie oblicz
INFO: Wynik: 4.0
Nov 14, 2018 10:03:28 AM main.Wyrażenie <init>
INFO: String na wejściu został przekonwertowanu do kolejki symboli
Nov 14, 2018 10:03:28 AM main.Wyrażenie oblicz
INFO: Rozpoczęto obliczanie wartości
Nov 14, 2018 10:03:28 AM main.Wyrażenie oblicz
WARNING: Błąd w obliczeniach wyjątki.NieznanySymbol: 
Nov 14, 2018 10:03:56 AM main.Wyrażenie <init>
INFO: String na wejściu został przekonwertowanu do kolejki symboli
Nov 14, 2018 10:03:56 AM main.Wyrażenie oblicz
INFO: Rozpoczęto obliczanie wartości
Nov 14, 2018 10:03:56 AM main.Wyrażenie oblicz
INFO: Wynik: 4.0
Nov 14, 2018 10:05:13 AM main.Wyrażenie <init>
INFO: String na wejściu został przekonwertowanu do kolejki symboli
Nov 14, 2018 10:05:13 AM main.Wyrażenie oblicz
INFO: Rozpoczęto obliczanie wartości
Nov 14, 2018 10:05:13 AM main.Wyrażenie oblicz
INFO: Wynik: 6.0
Nov 14, 2018 10:05:48 AM main.Wyrażenie <init>
INFO: String na wejściu został przekonwertowanu do kolejki symboli
Nov 14, 2018 10:05:48 AM main.Wyrażenie oblicz
INFO: Rozpoczęto obliczanie wartości
Nov 14, 2018 10:05:48 AM main.Wyrażenie oblicz
INFO: Wynik: 5.0
Nov 14, 2018 10:06:04 AM main.Wyrażenie <init>
INFO: String na wejściu został przekonwertowanu do kolejki symboli
Nov 14, 2018 10:06:04 AM main.Wyrażenie oblicz
INFO: Rozpoczęto obliczanie wartości
Nov 14, 2018 10:06:04 AM main.Wyrażenie oblicz
WARNING: Błąd w obliczeniach wyjątki.NieznanySymbol: 
Nov 14, 2018 10:07:22 AM main.Wyrażenie <init>
INFO: String na wejściu został przekonwertowanu do kolejki symboli
Nov 14, 2018 10:07:22 AM main.Wyrażenie oblicz
INFO: Rozpoczęto obliczanie wartości
Nov 14, 2018 10:07:22 AM main.Wyrażenie oblicz
INFO: Wynik: 5.0
Nov 14, 2018 10:07:29 AM main.Wyrażenie <init>
INFO: String na wejściu został przekonwertowanu do kolejki symboli
Nov 14, 2018 10:07:29 AM main.Wyrażenie oblicz
INFO: Rozpoczęto obliczanie wartości
Nov 14, 2018 10:07:29 AM main.Wyrażenie oblicz
WARNING: Błąd w obliczeniach wyjątki.NieznanySymbol: 
Nov 14, 2018 10:07:47 AM main.Wyrażenie <init>
INFO: String na wejściu został przekonwertowanu do kolejki symboli
Nov 14, 2018 10:07:47 AM main.Wyrażenie oblicz
INFO: Rozpoczęto obliczanie wartości
Nov 14, 2018 10:07:47 AM main.Wyrażenie oblicz
WARNING: Błąd w obliczeniach wyjątki.NieznanySymbol: 
Nov 14, 2018 10:13:45 AM main.Wyrażenie <init>
INFO: String na wejściu został przekonwertowanu do kolejki symboli
Nov 14, 2018 10:13:45 AM main.Wyrażenie oblicz
INFO: Rozpoczęto obliczanie wartości
Nov 14, 2018 10:13:45 AM main.Wyrażenie oblicz
WARNING: Błąd w obliczeniach wyjątki.NieznanySymbol: 
Nov 14, 2018 10:14:58 AM main.Wyrażenie <init>
INFO: String na wejściu został przekonwertowanu do kolejki symboli
Nov 14, 2018 10:14:59 AM main.Wyrażenie oblicz
INFO: Rozpoczęto obliczanie wartości
Nov 14, 2018 10:14:59 AM main.Wyrażenie oblicz
WARNING: Błąd w obliczeniach wyjątki.NieznanySymbol: 
Nov 14, 2018 10:21:13 AM main.Wyrażenie <init>
INFO: String na wejściu został przekonwertowanu do kolejki symboli
Nov 14, 2018 10:21:14 AM main.Wyrażenie oblicz
INFO: Rozpoczęto obliczanie wartości
Nov 14, 2018 10:21:14 AM main.Wyrażenie oblicz
WARNING: Błąd w obliczeniach wyjątki.NieznanySymbol: 
Nov 14, 2018 10:35:41 AM main.Wyrażenie <init>
INFO: String na wejściu został przekonwertowanu do kolejki symboli
Nov 14, 2018 10:35:41 AM main.Wyrażenie oblicz
INFO: Rozpoczęto obliczanie wartości
Nov 14, 2018 10:35:41 AM main.Wyrażenie oblicz
WARNING: Błąd w obliczeniach wyjątki.NieznanySymbol: 
Nov 14, 2018 10:41:09 AM main.Wyrażenie <init>
INFO: String na wejściu został przekonwertowanu do kolejki symboli
Nov 14, 2018 10:41:09 AM main.Wyrażenie oblicz
INFO: Rozpoczęto obliczanie wartości
Nov 14, 2018 10:41:21 AM main.Wyrażenie <init>
INFO: String na wejściu został przekonwertowanu do kolejki symboli
Nov 14, 2018 10:41:21 AM main.Wyrażenie oblicz
INFO: Rozpoczęto obliczanie wartości
Nov 14, 2018 10:41:21 AM main.Wyrażenie oblicz
INFO: Wynik: 3.0
Nov 14, 2018 10:41:37 AM main.Wyrażenie <init>
INFO: String na wejściu został przekonwertowanu do kolejki symboli
Nov 14, 2018 10:41:37 AM main.Wyrażenie oblicz
INFO: Rozpoczęto obliczanie wartości
Nov 14, 2018 10:41:37 AM main.Wyrażenie oblicz
INFO: Wynik: 3.0
Nov 14, 2018 10:54:00 AM main.Wyrażenie <init>
INFO: String na wejściu został przekonwertowanu do kolejki symboli
Nov 14, 2018 10:54:00 AM main.Wyrażenie oblicz
INFO: Rozpoczęto obliczanie wartości
Nov 14, 2018 10:54:34 AM main.Wyrażenie <init>
INFO: String na wejściu został przekonwertowanu do kolejki symboli
Nov 14, 2018 10:54:34 AM main.Wyrażenie oblicz
INFO: Rozpoczęto obliczanie wartości
Nov 14, 2018 10:54:34 AM main.Wyrażenie oblicz
INFO: Wynik: 15.0
Nov 14, 2018 10:54:46 AM main.Wyrażenie <init>
INFO: String na wejściu został przekonwertowanu do kolejki symboli
Nov 14, 2018 10:54:46 AM main.Wyrażenie oblicz
INFO: Rozpoczęto obliczanie wartości
Nov 14, 2018 10:54:52 AM main.Wyrażenie <init>
INFO: String na wejściu został przekonwertowanu do kolejki symboli
Nov 14, 2018 10:54:52 AM main.Wyrażenie oblicz
INFO: Rozpoczęto obliczanie wartości
Nov 14, 2018 10:54:52 AM main.Wyrażenie oblicz
INFO: Wynik: 15.0
Nov 14, 2018 10:55:06 AM main.Wyrażenie <init>
INFO: String na wejściu został przekonwertowanu do kolejki symboli
Nov 14, 2018 10:55:06 AM main.Wyrażenie oblicz
INFO: Rozpoczęto obliczanie wartości
Nov 14, 2018 10:55:06 AM main.Wyrażenie oblicz
INFO: Wynik: 30.0
Nov 14, 2018 1:42:31 PM main.Wyrażenie <init>
INFO: String na wejściu został przekonwertowanu do kolejki symboli
Nov 14, 2018 1:42:31 PM main.Wyrażenie oblicz
INFO: Rozpoczęto obliczanie wartości
Nov 14, 2018 1:42:35 PM main.Wyrażenie <init>
INFO: String na wejściu został przekonwertowanu do kolejki symboli
Nov 14, 2018 1:42:35 PM main.Wyrażenie oblicz
INFO: Rozpoczęto obliczanie wartości
Nov 14, 2018 1:42:35 PM main.Wyrażenie oblicz
INFO: Wynik: 3.0
Nov 14, 2018 1:42:45 PM main.Wyrażenie <init>
INFO: String na wejściu został przekonwertowanu do kolejki symboli
Nov 14, 2018 1:42:45 PM main.Wyrażenie oblicz
INFO: Rozpoczęto obliczanie wartości
Nov 14, 2018 1:59:26 PM main.Wyrażenie <init>
INFO: String na wejściu został przekonwertowanu do kolejki symboli
Nov 14, 2018 1:59:26 PM main.Wyrażenie oblicz
INFO: Rozpoczęto obliczanie wartości
Nov 14, 2018 1:59:26 PM main.Wyrażenie oblicz
WARNING: Błąd w obliczeniach wyjątki.PustyStos: 
Nov 14, 2018 1:59:26 PM main.Wyrażenie <init>
INFO: String na wejściu został przekonwertowanu do kolejki symboli
Nov 14, 2018 1:59:26 PM main.Wyrażenie oblicz
INFO: Rozpoczęto obliczanie wartości
Nov 14, 2018 1:59:26 PM main.Wyrażenie oblicz
INFO: Wynik: 7.5
Nov 14, 2018 1:59:26 PM main.Wyrażenie <init>
INFO: String na wejściu został przekonwertowanu do kolejki symboli
Nov 14, 2018 1:59:26 PM main.Wyrażenie oblicz
INFO: Rozpoczęto obliczanie wartości
Nov 14, 2018 1:59:26 PM main.Wyrażenie oblicz
WARNING: Błąd w obliczeniach wyjątki.BłędneWyrażenie: 
Nov 14, 2018 1:59:53 PM main.Wyrażenie <init>
INFO: String na wejściu został przekonwertowanu do kolejki symboli
Nov 14, 2018 1:59:53 PM main.Wyrażenie oblicz
INFO: Rozpoczęto obliczanie wartości
Nov 14, 2018 1:59:53 PM main.Wyrażenie oblicz
WARNING: Błąd w obliczeniach wyjątki.PustyStos: 
Nov 14, 2018 1:59:53 PM main.Wyrażenie <init>
INFO: String na wejściu został przekonwertowanu do kolejki symboli
Nov 14, 2018 1:59:53 PM main.Wyrażenie oblicz
INFO: Rozpoczęto obliczanie wartości
Nov 14, 2018 1:59:53 PM main.Wyrażenie oblicz
INFO: Wynik: 7.5
Nov 14, 2018 1:59:53 PM main.Wyrażenie <init>
INFO: String na wejściu został przekonwertowanu do kolejki symboli
Nov 14, 2018 1:59:53 PM main.Wyrażenie oblicz
INFO: Rozpoczęto obliczanie wartości
Nov 14, 2018 1:59:53 PM main.Wyrażenie oblicz
WARNING: Błąd w obliczeniach wyjątki.BłędneWyrażenie: 
Nov 14, 2018 2:00:30 PM main.Wyrażenie <init>
INFO: String na wejściu został przekonwertowanu do kolejki symboli
Nov 14, 2018 2:00:30 PM main.Wyrażenie oblicz
INFO: Rozpoczęto obliczanie wartości
Nov 14, 2018 2:00:30 PM main.Wyrażenie oblicz
WARNING: Błąd w obliczeniach wyjątki.PustyStos: 
Nov 14, 2018 2:08:19 PM main.Wyrażenie <init>
INFO: String na wejściu został przekonwertowanu do kolejki symboli
Nov 14, 2018 2:08:19 PM main.Wyrażenie oblicz
INFO: Rozpoczęto obliczanie wartości
Nov 14, 2018 2:08:19 PM main.Wyrażenie oblicz
WARNING: Błąd w obliczeniach wyjątki.PustyStos: 
Nov 14, 2018 2:15:20 PM main.Wyrażenie <init>
INFO: String na wejściu został przekonwertowanu do kolejki symboli
Nov 14, 2018 2:15:20 PM main.Wyrażenie oblicz
INFO: Rozpoczęto obliczanie wartości
Nov 14, 2018 2:15:20 PM main.Wyrażenie oblicz
INFO: Wynik: 2.0
Nov 14, 2018 2:15:27 PM main.Wyrażenie <init>
INFO: String na wejściu został przekonwertowanu do kolejki symboli
Nov 14, 2018 2:15:27 PM main.Wyrażenie oblicz
INFO: Rozpoczęto obliczanie wartości
Nov 14, 2018 2:16:34 PM main.Wyrażenie <init>
INFO: String na wejściu został przekonwertowanu do kolejki symboli
Nov 14, 2018 2:16:34 PM main.Wyrażenie oblicz
INFO: Rozpoczęto obliczanie wartości
Nov 14, 2018 2:16:34 PM main.Wyrażenie oblicz
INFO: Wynik: 2.0
Nov 14, 2018 2:16:36 PM main.Wyrażenie <init>
INFO: String na wejściu został przekonwertowanu do kolejki symboli
Nov 14, 2018 2:16:36 PM main.Wyrażenie oblicz
INFO: Rozpoczęto obliczanie wartości
Nov 14, 2018 2:16:36 PM main.Wyrażenie oblicz
WARNING: Błąd w obliczeniach wyjątki.ZaDużoArgumentów: 
Nov 14, 2018 2:34:57 PM main.Wyrażenie <init>
INFO: String na wejściu został przekonwertowanu do kolejki symboli
Nov 14, 2018 2:34:57 PM main.Wyrażenie oblicz
INFO: Rozpoczęto obliczanie wartości
Nov 14, 2018 2:34:57 PM main.Wyrażenie oblicz
INFO: Wynik: 1.0
Nov 14, 2018 2:35:52 PM main.Wyrażenie <init>
INFO: String na wejściu został przekonwertowanu do kolejki symboli
Nov 14, 2018 2:35:52 PM main.Wyrażenie oblicz
INFO: Rozpoczęto obliczanie wartości
Nov 14, 2018 2:35:52 PM main.Wyrażenie oblicz
INFO: Wynik: 3.0
Nov 14, 2018 2:36:36 PM main.Wyrażenie <init>
INFO: String na wejściu został przekonwertowanu do kolejki symboli
Nov 14, 2018 2:36:36 PM main.Wyrażenie oblicz
INFO: Rozpoczęto obliczanie wartości
Nov 14, 2018 2:36:36 PM main.Wyrażenie oblicz
INFO: Wynik: 1.0
Nov 14, 2018 2:36:46 PM main.Wyrażenie <init>
INFO: String na wejściu został przekonwertowanu do kolejki symboli
Nov 14, 2018 2:36:46 PM main.Wyrażenie oblicz
INFO: Rozpoczęto obliczanie wartości
Nov 14, 2018 2:36:46 PM main.Wyrażenie oblicz
INFO: Wynik: 5.0
Nov 14, 2018 2:40:30 PM main.Wyrażenie <init>
INFO: String na wejściu został przekonwertowanu do kolejki symboli
Nov 14, 2018 2:40:30 PM main.Wyrażenie oblicz
INFO: Rozpoczęto obliczanie wartości
Nov 14, 2018 2:40:30 PM main.Wyrażenie oblicz
WARNING: Błąd w obliczeniach wyjątki.ZaDużoArgumentów: 
Nov 14, 2018 2:42:44 PM main.Wyrażenie <init>
INFO: String na wejściu został przekonwertowanu do kolejki symboli
Nov 14, 2018 2:43:57 PM main.Wyrażenie oblicz
INFO: Rozpoczęto obliczanie wartości
Nov 14, 2018 2:51:44 PM main.Wyrażenie oblicz
WARNING: Błąd w obliczeniach wyjątki.ZaDużoArgumentów: 
Nov 14, 2018 2:52:14 PM main.Wyrażenie <init>
INFO: String na wejściu został przekonwertowanu do kolejki symboli
Nov 14, 2018 2:52:14 PM main.Wyrażenie oblicz
INFO: Rozpoczęto obliczanie wartości
Nov 14, 2018 2:52:14 PM main.Wyrażenie oblicz
WARNING: Błąd w obliczeniach wyjątki.ZaDużoArgumentów: 
Nov 14, 2018 2:52:48 PM main.Wyrażenie <init>
INFO: String na wejściu został przekonwertowanu do kolejki symboli
Nov 14, 2018 2:52:58 PM main.Wyrażenie oblicz
INFO: Rozpoczęto obliczanie wartości
Nov 14, 2018 2:57:00 PM main.Wyrażenie <init>
INFO: String na wejściu został przekonwertowanu do kolejki symboli
Nov 14, 2018 2:57:07 PM main.Wyrażenie oblicz
INFO: Rozpoczęto obliczanie wartości
Nov 14, 2018 2:59:07 PM main.Wyrażenie oblicz
WARNING: Błąd w obliczeniach wyjątki.PustyStos: 
Nov 14, 2018 2:59:26 PM main.Wyrażenie <init>
INFO: String na wejściu został przekonwertowanu do kolejki symboli
Nov 14, 2018 2:59:30 PM main.Wyrażenie oblicz
INFO: Rozpoczęto obliczanie wartości
